00 5 * * * /u01/app/oracle/scripts/maint/analyze_schema.sh ardais_owner GENPROD1 > /u01/app/oracle/scripts/log/analyze_ardais_owner_genprod1.log 2>&1
45 5 * * * /u01/app/oracle/scripts/maint/analyze_schema.sh ads_user GENPROD1 > /u01/app/oracle/scripts/log/analyze_ads_user_genprod1.log 2>&1
00 3 * * * /u01/app/oracle/scripts/maint/analyze_schema.sh ardais1 GENPROD1 > /u01/app/oracle/scripts/log/analyze_ardais1_genprod1.log 2>&1
10 3 * * * /u01/app/oracle/scripts/maint/analyze_schema.sh ardais2 GENPROD1 > /u01/app/oracle/scripts/log/analyze_ardais2_genprod1.log 2>&1
#################################################################
#               Log Checking for Oracle
################################################################
00,15,30,45 * * * * /home/app/oracle/scripts/maint/logcheck_oracle.sh > /dev/null
00,15,30,45 * * * * /home/app/oracle/scripts/maint/oracle_proc_mon.sh > /dev/null
#################################################################
#               GENPROD1 User Connection Checking for Oracle
################################################################
00 * * * * /home/app/oracle/scripts/maint/monitor_connections.sh > /dev/null
15 02 1,15 * * /home/app/oracle/scripts/maint/clear_monitor_log.sh > /dev/null 

##############################################################################
#	Daily logging job for GENPROD1
##############################################################################
30 6 * * * /u01/app/oracle/scripts/log/daily_SID_logs.sh GENPROD1
00 12 * * * /usr/bin/rm /u01/app/oracle/scripts/log/*html /u01/app/oracle/scripts/log/*msglog /u01/app/oracle/scripts/log/*log > /dev/null
##############################################################################
#	Daily database stats jobs for GENPROD1
##############################################################################
00 6 * * * /u01/app/oracle/scripts/maint/daily_SID_stats.sh -s GENPROD1 -p siadra1 > /dev/null

#################################################################################
#	Nightly production export for GENPROD1
#################################################################################

00 4  * * * /u01/app/oracle/scripts/maint/do_export.sh GENPROD1 /u01/app/oracle/admin/GENPROD1/exp 2>&1

##############################################################################
#	 Temporary jobs to resolve eplication/jobs issue 
##############################################################################
00,15,30,45 * * * * /u01/app/oracle/scripts/satt/support/run_ctxjobs.sh GENPROD1
5,20,35,50 * * * * /u01/app/oracle/scripts/satt/support/run_repjobs.sh GENPROD1

